Flow report for VendingMachine
Tue Sep 05 10:38:35 2023
Quartus II Version 9.1 Build 350 03/24/2010 Service Pack 2 SJ Web Edition


---------------------
; Table of Contents ;
---------------------
  1. Legal Notice
  2. Flow Summary
  3. Flow Settings
  4. Flow Non-Default Global Settings
  5. Flow Elapsed Time
  6. Flow OS Summary
  7. Flow Log



----------------
; Legal Notice ;
----------------
Copyright (C) 1991-2010 Altera Corporation
Your use of Altera Corporation's design tools, logic functions 
and other software and tools, and its AMPP partner logic 
functions, and any output files from any of the foregoing 
(including device programming or simulation files), and any 
associated documentation or information are expressly subject 
to the terms and conditions of the Altera Program License 
Subscription Agreement, Altera MegaCore Function License 
Agreement, or other applicable license agreement, including, 
without limitation, that your use is for the sole purpose of 
programming logic devices manufactured by Altera and sold by 
Altera or its authorized distributors.  Please refer to the 
applicable agreement for further details.



+-----------------------------------------------------------------------------------+
; Flow Summary                                                                      ;
+------------------------------------+----------------------------------------------+
; Flow Status                        ; Flow Failed - Tue Sep 05 10:38:35 2023       ;
; Quartus II Version                 ; 9.1 Build 350 03/24/2010 SP 2 SJ Web Edition ;
; Revision Name                      ; VendingMachine                               ;
; Top-level Entity Name              ; VendingMachine                               ;
; Family                             ; Cyclone II                                   ;
; Device                             ; EP2C70F896C6                                 ;
; Timing Models                      ; Final                                        ;
; Met timing requirements            ; N/A                                          ;
; Total logic elements               ; N/A until Partition Merge                    ;
;     Total combinational functions  ; N/A until Partition Merge                    ;
;     Dedicated logic registers      ; N/A until Partition Merge                    ;
; Total registers                    ; N/A until Partition Merge                    ;
; Total pins                         ; N/A until Partition Merge                    ;
; Total virtual pins                 ; N/A until Partition Merge                    ;
; Total memory bits                  ; N/A until Partition Merge                    ;
; Embedded Multiplier 9-bit elements ; N/A until Partition Merge                    ;
; Total PLLs                         ; N/A until Partition Merge                    ;
+------------------------------------+----------------------------------------------+


+-----------------------------------------+
; Flow Settings                           ;
+-------------------+---------------------+
; Option            ; Setting             ;
+-------------------+---------------------+
; Start date & time ; 09/05/2023 10:15:46 ;
; Main task         ; Compilation         ;
; Revision Name     ; VendingMachine      ;
+-------------------+---------------------+


+------------------------------------------------------------------------------------------------------------------------------------------------------------------------+
; Flow Non-Default Global Settings                                                                                                                                       ;
+------------------------------------+------------------------------------------------------------------------------------+---------------+-------------+----------------+
; Assignment Name                    ; Value                                                                              ; Default Value ; Entity Name ; Section Id     ;
+------------------------------------+------------------------------------------------------------------------------------+---------------+-------------+----------------+
; COMPILER_SIGNATURE_ID              ; 1096823998331.169388014604480                                                      ; --            ; --          ; --             ;
; ENABLE_SIGNALTAP                   ; On                                                                                 ; --            ; --          ; --             ;
; MAX_CORE_JUNCTION_TEMP             ; 85                                                                                 ; --            ; --          ; --             ;
; MIN_CORE_JUNCTION_TEMP             ; 0                                                                                  ; --            ; --          ; --             ;
; MISC_FILE                          ; C:/Users/袁睿/Desktop/数电/digital_logic_project/VendingMachine/VendingMachine.dpf ; --            ; --          ; --             ;
; PARTITION_COLOR                    ; 16764057                                                                           ; --            ; --          ; Top            ;
; PARTITION_NETLIST_TYPE             ; SOURCE                                                                             ; --            ; --          ; Top            ;
; PROJECT_OUTPUT_DIRECTORY           ; C:\Users\袁睿\Desktop\数电\digital_logic_project\VendingMachine\release            ; --            ; --          ; --             ;
; USE_GENERATED_PHYSICAL_CONSTRAINTS ; Off                                                                                ; --            ; --          ; eda_blast_fpga ;
; USE_SIGNALTAP_FILE                 ; stp1.stp                                                                           ; --            ; --          ; --             ;
+------------------------------------+------------------------------------------------------------------------------------+---------------+-------------+----------------+


+-----------------------------------------------------------------------------------------------------------------------------+
; Flow Elapsed Time                                                                                                           ;
+-------------------------+--------------+-------------------------+---------------------+------------------------------------+
; Module Name             ; Elapsed Time ; Average Processors Used ; Peak Virtual Memory ; Total CPU Time (on all processors) ;
+-------------------------+--------------+-------------------------+---------------------+------------------------------------+
; Analysis & Synthesis    ; 00:00:02     ; 1.0                     ; 251 MB              ; 00:00:02                           ;
; Fitter                  ; 00:00:07     ; 1.0                     ; 402 MB              ; 00:00:08                           ;
; Assembler               ; 00:00:03     ; 1.0                     ; 367 MB              ; 00:00:03                           ;
; Classic Timing Analyzer ; 00:00:00     ; 1.0                     ; 199 MB              ; 00:00:00                           ;
; Analysis & Synthesis    ; 00:00:00     ; 1.0                     ; 241 MB              ; 00:00:01                           ;
; Analysis & Synthesis    ; 00:00:01     ; 1.0                     ; 240 MB              ; 00:00:01                           ;
; Analysis & Synthesis    ; 00:00:01     ; 1.0                     ; 240 MB              ; 00:00:01                           ;
; Analysis & Synthesis    ; 00:00:00     ; 1.0                     ; 240 MB              ; 00:00:01                           ;
; Analysis & Synthesis    ; 00:00:00     ; 1.0                     ; 240 MB              ; 00:00:01                           ;
; Total                   ; 00:00:14     ; --                      ; --                  ; 00:00:18                           ;
+-------------------------+--------------+-------------------------+---------------------+------------------------------------+


+------------------------------------------------------------------------------------------+
; Flow OS Summary                                                                          ;
+-------------------------+------------------+---------------+------------+----------------+
; Module Name             ; Machine Hostname ; OS Name       ; OS Version ; Processor type ;
+-------------------------+------------------+---------------+------------+----------------+
; Analysis & Synthesis    ; LAPTOP-T3B89A8T  ; Windows Vista ; 6.2        ; x86_64         ;
; Fitter                  ; LAPTOP-T3B89A8T  ; Windows Vista ; 6.2        ; x86_64         ;
; Assembler               ; LAPTOP-T3B89A8T  ; Windows Vista ; 6.2        ; x86_64         ;
; Classic Timing Analyzer ; LAPTOP-T3B89A8T  ; Windows Vista ; 6.2        ; x86_64         ;
; Analysis & Synthesis    ; LAPTOP-T3B89A8T  ; Windows Vista ; 6.2        ; x86_64         ;
; Analysis & Synthesis    ; LAPTOP-T3B89A8T  ; Windows Vista ; 6.2        ; x86_64         ;
; Analysis & Synthesis    ; LAPTOP-T3B89A8T  ; Windows Vista ; 6.2        ; x86_64         ;
; Analysis & Synthesis    ; LAPTOP-T3B89A8T  ; Windows Vista ; 6.2        ; x86_64         ;
; Analysis & Synthesis    ; LAPTOP-T3B89A8T  ; Windows Vista ; 6.2        ; x86_64         ;
+-------------------------+------------------+---------------+------------+----------------+


------------
; Flow Log ;
------------
quartus_map --read_settings_files=on --write_settings_files=off VendingMachine -c VendingMachine
quartus_fit --read_settings_files=off --write_settings_files=off VendingMachine -c VendingMachine
quartus_asm --read_settings_files=off --write_settings_files=off VendingMachine -c VendingMachine
quartus_tan --read_settings_files=off --write_settings_files=off VendingMachine -c VendingMachine --timing_analysis_only
quartus_map --read_settings_files=on --write_settings_files=off VendingMachine -c VendingMachine
quartus_map --read_settings_files=on --write_settings_files=off VendingMachine -c VendingMachine
quartus_map --read_settings_files=on --write_settings_files=off VendingMachine -c VendingMachine
quartus_map --read_settings_files=on --write_settings_files=off VendingMachine -c VendingMachine
quartus_map --read_settings_files=on --write_settings_files=off VendingMachine -c VendingMachine



